<?xml version="1.0" encoding="UTF-8"?>
<!-- Generated by org.testng.reporters.JUnitXMLReporter -->
<testsuite hostname="Ritu" ignored="0" name="Surefire test" tests="8" failures="0" timestamp="2020-07-25T21:31:41 IST" time="41.592" errors="0">
  <testcase name="ApiAutomate" time="0.005" classname="com.mycompany.app.APITest"/>
  <testcase name="ApiAutomate1" time="0.0" classname="com.mycompany.app.APITest"/>
  <testcase name="AppiumAutomate" time="0.001" classname="com.mycompany.app.AppiumTest"/>
  <testcase name="AppiumAutomate1" time="0.001" classname="com.mycompany.app.AppiumTest"/>
  <testcase name="BrowserAutomate" time="0.001" classname="com.mycompany.app.SeleniumTest"/>
  <testcase name="BrowserAutomate1" time="0.0" classname="com.mycompany.app.SeleniumTest"/>
  <testcase name="test_Home_Page_Appear_Correct" time="6.752" classname="com.mycompany.app.TestBase"/>
  <testcase name="test_Home_Page_Appear_Correct_Factory" time="5.243" classname="com.mycompany.app.TestBaseFactory"/>
</testsuite> <!-- Surefire test -->
