<?xml version="1.0" encoding="UTF-8"?>
<!-- Generated by org.testng.reporters.JUnitXMLReporter -->
<testsuite hostname="Ritu" ignored="0" name="TestNgMavenTest" tests="8" failures="0" timestamp="2020-07-25T21:28:28 IST" time="41.205" errors="0">
  <testcase name="ApiAutomate" time="0.029" classname="com.mycompany.app.APITest"/>
  <testcase name="ApiAutomate1" time="0.008" classname="com.mycompany.app.APITest"/>
  <testcase name="AppiumAutomate" time="0.015" classname="com.mycompany.app.AppiumTest"/>
  <testcase name="AppiumAutomate1" time="0.02" classname="com.mycompany.app.AppiumTest"/>
  <testcase name="BrowserAutomate" time="0.005" classname="com.mycompany.app.SeleniumTest"/>
  <testcase name="BrowserAutomate1" time="0.006" classname="com.mycompany.app.SeleniumTest"/>
  <testcase name="test_Home_Page_Appear_Correct" time="5.271" classname="com.mycompany.app.TestBase"/>
  <testcase name="test_Home_Page_Appear_Correct_Factory" time="5.59" classname="com.mycompany.app.TestBaseFactory"/>
</testsuite> <!-- TestNgMavenTest -->
